Acessando: http://www.stylinonline.com/hoodie-batman-joker-face-view-zip.html
Servidor parado.
Servidor iniciado.
EXECUTANDO

Acessando: http://www.stylinonline.com/hoodie-batman-joker-face-view-zip.html
	Aplicando rules: 
		Rule preco com argumento 20%
			Não
		Rule estoque com argumento sim
			Não
		Rule estoque com argumento nao
			Não
Acessando: http://www.stylinonline.com/jersey-star-wars-vader-helmet-baseball.html
	Aplicando rules: 
		Rule preco com argumento 10%
			Não
		Rule estoque com argumento sim
			Não
EXECUTANDO

Acessando: http://dx.com/cosmetic-make-up-88-color-eye-shadow-palette-with-mirror-and-brushes-matte-68065
	Aplicando rules: 
		Rule preco com argumento 20%
			Não
		Rule estoque com argumento sim
			Não
EXECUTANDO
Servidor parado.
Servidor iniciado.
Acessando: http://www.stylinonline.com/hoodie-batman-joker-face-view-zip.html
	Aplicando rules: 
		Rule preco com argumento 20%
			Não
		Rule estoque com argumento sim
			Não
		Rule estoque com argumento nao
			Não


Acessando: http://www.stylinonline.com/jersey-star-wars-vader-helmet-baseball.html
	Aplicando rules: 
		Rule preco com argumento 10%
			Não
		Rule estoque com argumento sim
			Não


Acessando: http://dx.com/cosmetic-make-up-88-color-eye-shadow-palette-with-mirror-and-brushes-matte-68065
	Aplicando rules: 
		Rule preco com argumento 20%
			Não
		Rule estoque com argumento sim
			Não


Acessando: http://www.focalprice.com/HJR04B/Heineken_Beer_Smoking_Set_Cigarette_Case__Lighter_Black.html
	[ERRO] Página não respondendo ou Elemento não encontrado no site http://www.focalprice.com/HJR04B/Heineken_Beer_Smoking_Set_Cigarette_Case__Lighter_Black.html.
	[ERRO] Página não respondendo ou Elemento não encontrado no site http://www.focalprice.com/HJR04B/Heineken_Beer_Smoking_Set_Cigarette_Case__Lighter_Black.html.
	Aplicando rules: 
		Rule preco com argumento 20%
			Sim
			21.05.12 22:29 - O produto 'Heineken Beer Smoking Set Cigarette Case + Lighter (Black)' atende a regra 'preco_20%'.
		Rule estoque com argumento sim
			Não

Servidor parado.
Servidor iniciado.
Acessando: http://www.stylinonline.com/hoodie-batman-joker-face-view-zip.html
				Preco: 44.99
	Aplicando rules: 
		Rule preco com argumento 20%
			Não
		Rule estoque com argumento sim
			Não
		Rule estoque com argumento nao
			Não


Acessando: http://www.stylinonline.com/jersey-star-wars-vader-helmet-baseball.html
				Preco: 42.5
	Aplicando rules: 
		Rule preco com argumento 10%
			Não
		Rule estoque com argumento sim
			Não


Acessando: http://dx.com/cosmetic-make-up-88-color-eye-shadow-palette-with-mirror-and-brushes-matte-68065
				Preco: 14.7
	Aplicando rules: 
		Rule preco com argumento 20%
			Não
		Rule estoque com argumento sim
			Não


Acessando: http://www.focalprice.com/HJR04B/Heineken_Beer_Smoking_Set_Cigarette_Case__Lighter_Black.html
	[ERRO] Página não respondendo ou Elemento não encontrado no site http://www.focalprice.com/HJR04B/Heineken_Beer_Smoking_Set_Cigarette_Case__Lighter_Black.html.
	[ERRO] Página não respondendo ou Elemento não encontrado no site http://www.focalprice.com/HJR04B/Heineken_Beer_Smoking_Set_Cigarette_Case__Lighter_Black.html.
	[ERRO] Página não respondendo ou Elemento não encontrado no site http://www.focalprice.com/HJR04B/Heineken_Beer_Smoking_Set_Cigarette_Case__Lighter_Black.html.
				Preco: 5.14
	Aplicando rules: 
		Rule preco com argumento 20%
			Sim
			21.05.12 22:39 - O produto 'Heineken Beer Smoking Set Cigarette Case + Lighter (Black)' atende a regra 'preco_20%'.
		Rule estoque com argumento sim
			Não

Servidor parado.
Servidor iniciado.
Acessando: http://www.stylinonline.com/hoodie-batman-joker-face-view-zip.html
				Preco: 44.99
	Aplicando rules: 
		Rule preco com argumento 20%
			Não
		Rule estoque com argumento sim
			Não
		Rule estoque com argumento nao
			Não


Acessando: http://www.stylinonline.com/jersey-star-wars-vader-helmet-baseball.html
				Preco: 42.5
	Aplicando rules: 
		Rule preco com argumento 10%
			Não
		Rule estoque com argumento sim
			Não


Acessando: http://dx.com/cosmetic-make-up-88-color-eye-shadow-palette-with-mirror-and-brushes-matte-68065
				Preco: 14.7
	Aplicando rules: 
		Rule preco com argumento 20%
			Não
		Rule estoque com argumento sim
			Não


Acessando: http://www.focalprice.com/HJR04B/Heineken_Beer_Smoking_Set_Cigarette_Case__Lighter_Black.html
	[ERRO] Página não respondendo ou Elemento não encontrado no site http://www.focalprice.com/HJR04B/Heineken_Beer_Smoking_Set_Cigarette_Case__Lighter_Black.html.
	[ERRO] Página não respondendo ou Elemento não encontrado no site http://www.focalprice.com/HJR04B/Heineken_Beer_Smoking_Set_Cigarette_Case__Lighter_Black.html.
				Preco: 5.14
	Aplicando rules: 
		Rule preco com argumento 20%
			Não
		Rule estoque com argumento sim
			Não

